<?xml version="1.0" encoding="UTF-8"?>
<!-- Generated by org.testng.reporters.JUnitReportReporter -->
<testsuite skipped="0" hostname="WIN-8HALIKDMNFP" name="TestNGModifierChange" tests="1" failures="0" timestamp="26 ноя 2017 13:39:06 GMT" time="0.001" errors="0">
  <testcase name="changeTest" time="0.001" classname="TestNGModifierChange"/>
</testsuite> <!-- TestNGModifierChange -->
