<?xml version="1.0" encoding="UTF-8"?>
<!-- Generated by org.testng.reporters.JUnitReportReporter -->
<testsuite skipped="0" hostname="WIN-8HALIKDMNFP" name="TestNGModifierGet" tests="1" failures="0" timestamp="25 ноя 2017 04:39:25 GMT" time="0.000" errors="0">
  <testcase name="getTest" time="0.000" classname="TestNGModifierGet"/>
</testsuite> <!-- TestNGModifierGet -->
