<?xml version="1.0" encoding="UTF-8"?>
<!-- Generated by org.testng.reporters.JUnitReportReporter -->
<testsuite skipped="0" hostname="WIN-8HALIKDMNFP" name="TestNGModifierChange" tests="1" failures="0" timestamp="25 ноя 2017 04:39:25 GMT" time="0.002" errors="0">
  <testcase name="changeTest" time="0.002" classname="TestNGModifierChange"/>
</testsuite> <!-- TestNGModifierChange -->
